<?xml version="1.0" encoding="utf-8"?><testsuites name="pytest tests"><testsuite name="pytest" errors="0" failures="0" skipped="0" tests="10" time="15.349" timestamp="2026-05-02T20:40:52.988362+00:00" hostname="agent-env-3ae3c7e6-6e99-4ef1-8ca2-e91071c1619f"><testcase classname="backend.tests.backend_test" name="test_root" time="0.261" /><testcase classname="backend.tests.backend_test" name="test_chat_empty_message" time="0.049" /><testcase classname="backend.tests.backend_test" name="test_chat_invalid_model" time="0.050" /><testcase classname="backend.tests.backend_test" name="test_chat_flash_fallback" time="0.922" /><testcase classname="backend.tests.backend_test" name="test_chat_pro_model" time="8.375" /><testcase classname="backend.tests.backend_test" name="test_chat_spanish" time="1.388" /><testcase classname="backend.tests.backend_test" name="test_chat_english" time="0.972" /><testcase classname="backend.tests.backend_test" name="test_history_chronological" time="0.049" /><testcase classname="backend.tests.backend_test" name="test_multi_turn_context" time="3.051" /><testcase classname="backend.tests.backend_test" name="test_delete_history" time="0.117" /></testsuite></testsuites>